Arguments: 
  C:\Program Files\nodejs\node.exe C:\Users\u1228281\AppData\Roaming\npm\node_modules\yarn\bin\yarn.js install

PATH: 
  C:\Program Files\Microsoft MPI\Bin\;C:\Program Files (x86)\Common Files\Oracle\Java\javapath;C:\Python39\Scripts\;C:\Python39\;C:\Software\M360\New Folder\product\12.2.0\client_1;C:\Software\M360\New Folder\product\12.2.0\client_1\bin;C:\windows\system32;C:\windows;C:\windows\System32\Wbem;C:\windows\System32\WindowsPowerShell\v1.0\;C:\windows\System32\OpenSSH\;C:\Program Files (x86)\Enterprise Vault\EVClient\;C:\Program Files\WinZip\;C:\Users\Administrator\AppData\Local\Microsoft\WindowsApps;C:\Program Files (x86)\Adaptiva\AdaptivaClient\bin\x32;C:\Program Files (x86)\Adaptiva\AdaptivaClient\bin\x64;C:\Program Files (x86)\Sennheiser\SoftphoneSDK\;C:\Program Files\Microsoft\Web Platform Installer\;C:\Program Files (x86)\Microsoft ASP.NET\ASP.NET Web Pages\v1.0\;C:\Program Files\Microsoft SQL Server\110\Tools\Binn\;C:\Program Files\dotnet\;C:\Program Files\Microsoft VS Code\bin;C:\Program Files\nodejs\;C:\ProgramData\chocolatey\bin;C:\Program Files\Git\cmd;C:\Program Files\Microsoft SQL Server\130\Tools\Binn\;C:\Users\u1228281\AppData\Local\Microsoft\WindowsApps;C:\Users\u1228281\AppData\Roaming\npm;C:\Users\u1228281\.dotnet\tools

Yarn version: 
  1.22.10

Node version: 
  14.17.1

Platform: 
  win32 x64

Trace: 
  Error: unable to get local issuer certificate
      at TLSSocket.onConnectSecure (_tls_wrap.js:1514:34)
      at TLSSocket.emit (events.js:375:28)
      at TLSSocket._finishInit (_tls_wrap.js:936:8)
      at TLSWrap.ssl.onhandshakedone (_tls_wrap.js:708:12)

npm manifest: 
  {
    "main": "node_modules/expo/AppEntry.js",
    "scripts": {
      "start": "expo start",
      "android": "expo start --android",
      "ios": "expo start --ios",
      "web": "expo start --web",
      "eject": "expo eject"
    },
    "dependencies": {
      "expo": "~42.0.1",
      "expo-status-bar": "~1.0.4",
      "react": "16.13.1",
      "react-dom": "16.13.1",
      "react-native": "https://github.com/expo/react-native/archive/sdk-42.0.0.tar.gz",
      "react-native-web": "~0.13.12"
    },
    "devDependencies": {
      "@babel/core": "^7.9.0"
    },
    "private": true
  }

yarn manifest: 
  No manifest

Lockfile: 
  No lockfile
